{"numTotalTestSuites":11,"numPassedTestSuites":11,"numFailedTestSuites":0,"numPendingTestSuites":0,"numTotalTests":21,"numPassedTests":21,"numFailedTests":0,"numPendingTests":0,"numTodoTests":0,"snapshot":{"added":0,"failure":false,"filesAdded":0,"filesRemoved":0,"filesRemovedList":[],"filesUnmatched":0,"filesUpdated":0,"matched":0,"total":0,"unchecked":0,"uncheckedKeysByFile":[],"unmatched":0,"updated":0,"didUpdate":false},"startTime":1785515957173,"success":true,"testResults":[{"assertionResults":[{"ancestorTitles":["evaluateEligibility — compliant"],"fullName":"evaluateEligibility — compliant returns compliant for a fully-verified send","status":"passed","title":"returns compliant for a fully-verified send","duration":9.319899999998597,"failureMessages":[],"meta":{},"tags":[]},{"ancestorTitles":["evaluateEligibility — compliant"],"fullName":"evaluateEligibility — compliant returns compliant for a fully-verified receive","status":"passed","title":"returns compliant for a fully-verified receive","duration":0.9243999999998778,"failureMessages":[],"meta":{},"tags":[]},{"ancestorTitles":["evaluateEligibility — compliant"],"fullName":"evaluateEligibility — compliant is direction-aware in copy but same state for both directions","status":"passed","title":"is direction-aware in copy but same state for both directions","duration":1.795300000001589,"failureMessages":[],"meta":{},"tags":[]},{"ancestorTitles":["evaluateEligibility — blocked"],"fullName":"evaluateEligibility — blocked blocks when wallet KYC is not compliant","status":"passed","title":"blocks when wallet KYC is not compliant","duration":6.993800000000192,"failureMessages":[],"meta":{},"tags":[]},{"ancestorTitles":["evaluateEligibility — blocked"],"fullName":"evaluateEligibility — blocked blocks when wallet is on an unsupported network","status":"passed","title":"blocks when wallet is on an unsupported network","duration":1.920799999999872,"failureMessages":[],"meta":{},"tags":[]},{"ancestorTitles":["evaluateEligibility — blocked"],"fullName":"evaluateEligibility — blocked blocks on asset-specific restriction and flags assetSpecific","status":"passed","title":"blocks on asset-specific restriction and flags assetSpecific","duration":1.2259000000012747,"failureMessages":[],"meta":{},"tags":[]},{"ancestorTitles":["evaluateEligibility — unavailable"],"fullName":"evaluateEligibility — unavailable marks unavailable when asset is paused (never claims blocked/compliant)","status":"passed","title":"marks unavailable when asset is paused (never claims blocked/compliant)","duration":0.856500000001688,"failureMessages":[],"meta":{},"tags":[]},{"ancestorTitles":["evaluateEligibility — unknown (no overclaiming)"],"fullName":"evaluateEligibility — unknown (no overclaiming) returns unknown when the service is unavailable","status":"passed","title":"returns unknown when the service is unavailable","duration":0.8086999999977706,"failureMessages":[],"meta":{},"tags":[]},{"ancestorTitles":["evaluateEligibility — unknown (no overclaiming)"],"fullName":"evaluateEligibility — unknown (no overclaiming) returns unknown when compliance is partially known","status":"passed","title":"returns unknown when compliance is partially known","duration":0.8038999999989755,"failureMessages":[],"meta":{},"tags":[]},{"ancestorTitles":["evaluateEligibility — unknown (no overclaiming)"],"fullName":"evaluateEligibility — unknown (no overclaiming) unknown copy explicitly avoids confirming allow/block","status":"passed","title":"unknown copy explicitly avoids confirming allow/block","duration":1.7767999999996391,"failureMessages":[],"meta":{},"tags":[]},{"ancestorTitles":["evaluateEligibility — precedence"],"fullName":"evaluateEligibility — precedence service-down wins over everything (fail-closed)","status":"passed","title":"service-down wins over everything (fail-closed)","duration":0.7389000000002852,"failureMessages":[],"meta":{},"tags":[]},{"ancestorTitles":["evaluateEligibility — precedence"],"fullName":"evaluateEligibility — precedence asset pause beats wallet/network issues","status":"passed","title":"asset pause beats wallet/network issues","duration":0.6016999999992549,"failureMessages":[],"meta":{},"tags":[]},{"ancestorTitles":["evaluateEligibility — precedence"],"fullName":"evaluateEligibility — precedence network block beats asset/wallet compliance block","status":"passed","title":"network block beats asset/wallet compliance block","duration":0.9611000000004424,"failureMessages":[],"meta":{},"tags":[]},{"ancestorTitles":["fixtures coverage"],"fullName":"fixtures coverage covers all four states across the fixture set","status":"passed","title":"covers all four states across the fixture set","duration":3.4483000000000175,"failureMessages":[],"meta":{},"tags":[]}],"startTime":1785515979140,"endTime":1785515979175.4482,"status":"passed","message":"","name":"C:/Users/user/aegis-dashboard/src/lib/eligibility.test.ts"},{"assertionResults":[{"ancestorTitles":["InvestorEligibilityPanel"],"fullName":"InvestorEligibilityPanel renders both send and receive rows","status":"passed","title":"renders both send and receive rows","duration":450.34210000000166,"failureMessages":[],"meta":{},"tags":[]},{"ancestorTitles":["InvestorEligibilityPanel"],"fullName":"InvestorEligibilityPanel shows \"Eligible\" badges when compliant","status":"passed","title":"shows \"Eligible\" badges when compliant","duration":29.237700000001496,"failureMessages":[],"meta":{},"tags":[]},{"ancestorTitles":["InvestorEligibilityPanel"],"fullName":"InvestorEligibilityPanel shows blocked state with asset-specific reason","status":"passed","title":"shows blocked state with asset-specific reason","duration":32.95550000000003,"failureMessages":[],"meta":{},"tags":[]},{"ancestorTitles":["InvestorEligibilityPanel"],"fullName":"InvestorEligibilityPanel shows unavailable when asset is paused","status":"passed","title":"shows unavailable when asset is paused","duration":20.40390000000116,"failureMessages":[],"meta":{},"tags":[]},{"ancestorTitles":["InvestorEligibilityPanel"],"fullName":"InvestorEligibilityPanel shows unknown and avoids overclaiming when service is down","status":"passed","title":"shows unknown and avoids overclaiming when service is down","duration":25.103399999999965,"failureMessages":[],"meta":{},"tags":[]},{"ancestorTitles":["InvestorEligibilityPanel"],"fullName":"InvestorEligibilityPanel includes the asset ticker in the header when provided","status":"passed","title":"includes the asset ticker in the header when provided","duration":18.86750000000029,"failureMessages":[],"meta":{},"tags":[]}],"startTime":1785515979491,"endTime":1785515980068.8674,"status":"passed","message":"","name":"C:/Users/user/aegis-dashboard/src/features/investor/InvestorEligibilityPanel.test.tsx"},{"assertionResults":[{"ancestorTitles":["AssetCard"],"fullName":"AssetCard shows a transfer restriction explainer when the asset is not eligible","status":"passed","title":"shows a transfer restriction explainer when the asset is not eligible","duration":303.64180000000124,"failureMessages":[],"meta":{},"tags":[]}],"startTime":1785515980115,"endTime":1785515980418.6418,"status":"passed","message":"","name":"C:/Users/user/aegis-dashboard/src/features/assets/components/AssetCard.test.tsx"}]}